[2026-03-27T01:30:08.695Z] [debug] [vite] connecting...
[2026-03-27T01:30:08.727Z] [info] %cDownload the React DevTools for a better development experience: https://react.dev/link/react-devtools font-weight:bold
[2026-03-27T01:30:08.779Z] [debug] [vite] connected.
[2026-03-27T01:30:08.940Z] [warning] WebSocket connection to 'ws://localhost:5173/ws?token=qahNSRdeNM5wf_uAFI2NvYjozGFo8ZfdsmzL7Xp4F40' failed: WebSocket is closed before the connection is established.
[2026-03-27T01:31:55.853Z] [error] Failed to load resource: the server responded with a status of 401 (Unauthorized)
[2026-03-27T01:32:58.578Z] [debug] [vite] hot updated: /src/pages/SessionsPage.tsx
[2026-03-27T01:32:58.578Z] [debug] [vite] hot updated: /src/index.css
[2026-03-27T01:33:06.076Z] [debug] [vite] connecting...
[2026-03-27T01:33:06.138Z] [debug] [vite] connected.
[2026-03-27T01:33:06.179Z] [info] %cDownload the React DevTools for a better development experience: https://react.dev/link/react-devtools font-weight:bold
[2026-03-27T01:33:06.320Z] [warning] WebSocket connection to 'ws://localhost:5173/ws?token=qahNSRdeNM5wf_uAFI2NvYjozGFo8ZfdsmzL7Xp4F40' failed: WebSocket is closed before the connection is established.
[2026-03-27T02:02:12.700Z] [debug] [vite] hot updated: /src/index.css
[2026-03-27T02:02:12.700Z] [debug] [vite] hot updated: /src/components/sessions/ActivityRow.tsx
[2026-03-27T02:02:12.700Z] [debug] [vite] hot updated: /src/components/ui/CategoryBar.tsx
[2026-03-27T02:02:12.700Z] [debug] [vite] hot updated: /src/components/ui/CategoryPill.tsx
[2026-03-27T02:02:21.700Z] [debug] [vite] hot updated: /src/pages/ClientsMattersPage.tsx
[2026-03-27T02:02:21.700Z] [debug] [vite] hot updated: /src/index.css
[2026-03-27T02:02:35.993Z] [debug] [vite] hot updated: /src/pages/ClientsMattersPage.tsx
[2026-03-27T02:02:35.994Z] [debug] [vite] hot updated: /src/index.css
[2026-03-27T02:02:53.999Z] [debug] [vite] hot updated: /src/pages/ClientsMattersPage.tsx
[2026-03-27T02:02:53.999Z] [debug] [vite] hot updated: /src/index.css
[2026-03-27T02:03:16.228Z] [debug] [vite] hot updated: /src/components/sessions/ActivityRow.tsx
[2026-03-27T02:03:16.228Z] [debug] [vite] hot updated: /src/index.css
[2026-03-27T02:03:24.209Z] [debug] [vite] hot updated: /src/components/sessions/ActivityRow.tsx
[2026-03-27T02:03:24.209Z] [debug] [vite] hot updated: /src/index.css
[2026-03-27T02:04:01.193Z] [debug] [vite] hot updated: /src/pages/SessionsPage.tsx
[2026-03-27T02:04:01.193Z] [debug] [vite] hot updated: /src/index.css
